2024-05-09 06:50:17 INFO  TC001_AccountRegistrationTest:15 - ***** Starting TC001_AccountRegistrationTest  ****
2024-05-09 06:50:17 INFO  TC001_AccountRegistrationTest:21 - Clicked on MyAccount Link.. 
2024-05-09 06:50:18 INFO  TC001_AccountRegistrationTest:24 - Clicked on Register Link.. 
2024-05-09 06:50:18 INFO  TC001_AccountRegistrationTest:28 - Providing customer details...
2024-05-09 06:50:19 INFO  TC001_AccountRegistrationTest:42 - Validating expected message..
2024-05-09 06:50:19 INFO  TC001_AccountRegistrationTest:47 - Test passed
2024-05-09 06:50:19 INFO  TC001_AccountRegistrationTest:56 - ***** Finished TC001_AccountRegistrationTest *****
2024-05-09 06:50:23 INFO  TC002_LoginTest:16 - ****** Startign TC_002_LoginTest *****
2024-05-09 06:50:25 INFO  TC002_LoginTest:41 - ****** Finished TC_002_LoginTest *****
2024-05-09 07:07:24 INFO  TC001_AccountRegistrationTest:15 - ***** Starting TC001_AccountRegistrationTest  ****
2024-05-09 07:07:24 INFO  TC001_AccountRegistrationTest:21 - Clicked on MyAccount Link.. 
2024-05-09 07:07:24 INFO  TC001_AccountRegistrationTest:24 - Clicked on Register Link.. 
2024-05-09 07:07:24 INFO  TC001_AccountRegistrationTest:28 - Providing customer details...
2024-05-09 07:07:26 INFO  TC001_AccountRegistrationTest:42 - Validating expected message..
2024-05-09 07:07:26 INFO  TC001_AccountRegistrationTest:47 - Test passed
2024-05-09 07:07:26 INFO  TC001_AccountRegistrationTest:56 - ***** Finished TC001_AccountRegistrationTest *****
2024-05-09 07:07:30 INFO  TC002_LoginTest:16 - ****** Startign TC_002_LoginTest *****
2024-05-09 07:07:32 INFO  TC002_LoginTest:41 - ****** Finished TC_002_LoginTest *****
2024-05-09 07:10:46 INFO  TC001_AccountRegistrationTest:15 - ***** Starting TC001_AccountRegistrationTest  ****
2024-05-09 07:10:46 INFO  TC001_AccountRegistrationTest:21 - Clicked on MyAccount Link.. 
2024-05-09 07:10:47 INFO  TC001_AccountRegistrationTest:24 - Clicked on Register Link.. 
2024-05-09 07:10:47 INFO  TC001_AccountRegistrationTest:28 - Providing customer details...
2024-05-09 07:10:48 INFO  TC001_AccountRegistrationTest:42 - Validating expected message..
2024-05-09 07:10:48 INFO  TC001_AccountRegistrationTest:47 - Test passed
2024-05-09 07:10:48 INFO  TC001_AccountRegistrationTest:56 - ***** Finished TC001_AccountRegistrationTest *****
2024-05-09 07:10:53 INFO  TC002_LoginTest:16 - ****** Startign TC_002_LoginTest *****
2024-05-09 07:10:55 INFO  TC002_LoginTest:41 - ****** Finished TC_002_LoginTest *****
2024-09-01 18:02:27 INFO  Utils:112 - [TestNG] Running:
  C:\Users\kindinti.anumanthu\AppData\Local\JetBrains\IdeaIC2024.1\temp-testng-customsuite.xml

2024-09-01 18:02:51 INFO  Utils:112 - [TestNG] Running:
  C:\Users\kindinti.anumanthu\OneDrive - BLACKLINE\Desktop\Personal\OpencartV121\grouping.xml

2024-09-01 18:03:03 INFO  TC001_AccountRegistrationTest:15 - ***** Starting TC001_AccountRegistrationTest  ****
2024-09-01 18:03:03 INFO  TC001_AccountRegistrationTest:21 - Clicked on MyAccount Link.. 
2024-09-01 18:03:04 INFO  TC001_AccountRegistrationTest:24 - Clicked on Register Link.. 
2024-09-01 18:03:04 INFO  TC001_AccountRegistrationTest:28 - Providing customer details...
2024-09-01 18:03:05 INFO  TC001_AccountRegistrationTest:42 - Validating expected message..
2024-09-01 18:03:05 INFO  TC001_AccountRegistrationTest:47 - Test passed
2024-09-01 18:03:05 INFO  TC001_AccountRegistrationTest:56 - ***** Finished TC001_AccountRegistrationTest *****
2024-09-01 18:03:08 INFO  TC002_LoginTest:16 - ****** Startign TC_002_LoginTest *****
2024-09-01 18:03:10 INFO  TC002_LoginTest:41 - ****** Finished TC_002_LoginTest *****
2024-09-01 18:07:55 INFO  Utils:112 - [TestNG] Running:
  C:\Users\kindinti.anumanthu\OneDrive - BLACKLINE\Desktop\Personal\OpencartV121\master.xml

2024-09-01 18:07:59 INFO  TC001_AccountRegistrationTest:15 - ***** Starting TC001_AccountRegistrationTest  ****
2024-09-01 18:07:59 INFO  TC001_AccountRegistrationTest:21 - Clicked on MyAccount Link.. 
2024-09-01 18:07:59 INFO  TC001_AccountRegistrationTest:24 - Clicked on Register Link.. 
2024-09-01 18:07:59 INFO  TC001_AccountRegistrationTest:28 - Providing customer details...
2024-09-01 18:08:01 INFO  TC001_AccountRegistrationTest:42 - Validating expected message..
2024-09-01 18:08:01 INFO  TC001_AccountRegistrationTest:47 - Test passed
2024-09-01 18:08:01 INFO  TC001_AccountRegistrationTest:56 - ***** Finished TC001_AccountRegistrationTest *****
2024-09-01 18:08:04 INFO  TC002_LoginTest:16 - ****** Startign TC_002_LoginTest *****
2024-09-01 18:08:06 INFO  TC002_LoginTest:41 - ****** Finished TC_002_LoginTest *****
2024-09-01 18:09:25 INFO  Utils:112 - [TestNG] Running:
  C:\Users\kindinti.anumanthu\OneDrive - BLACKLINE\Desktop\Personal\OpencartV121\master.xml

2024-09-01 18:09:31 INFO  TC001_AccountRegistrationTest:15 - ***** Starting TC001_AccountRegistrationTest  ****
2024-09-01 18:09:32 INFO  TC001_AccountRegistrationTest:21 - Clicked on MyAccount Link.. 
2024-09-01 18:09:32 INFO  TC001_AccountRegistrationTest:24 - Clicked on Register Link.. 
2024-09-01 18:09:32 INFO  TC001_AccountRegistrationTest:28 - Providing customer details...
2024-09-01 18:09:33 INFO  TC001_AccountRegistrationTest:42 - Validating expected message..
2024-09-01 18:09:33 INFO  TC001_AccountRegistrationTest:56 - ***** Finished TC001_AccountRegistrationTest *****
2024-09-01 18:09:37 INFO  TC002_LoginTest:16 - ****** Startign TC_002_LoginTest *****
2024-09-01 18:09:39 INFO  TC002_LoginTest:41 - ****** Finished TC_002_LoginTest *****
2024-09-01 18:35:52 INFO  Utils:112 - [TestNG] Running:
  C:\Users\kindinti.anumanthu\OneDrive - BLACKLINE\Desktop\Personal\OpencartV121\master.xml

2024-09-01 18:35:59 INFO  TC001_AccountRegistrationTest:15 - ***** Starting TC001_AccountRegistrationTest  ****
2024-09-01 18:35:59 INFO  TC001_AccountRegistrationTest:21 - Clicked on MyAccount Link.. 
2024-09-01 18:36:00 INFO  TC001_AccountRegistrationTest:24 - Clicked on Register Link.. 
2024-09-01 18:36:00 INFO  TC001_AccountRegistrationTest:28 - Providing customer details...
2024-09-01 18:36:01 INFO  TC001_AccountRegistrationTest:42 - Validating expected message..
2024-09-01 18:36:01 INFO  TC001_AccountRegistrationTest:47 - Test passed
2024-09-01 18:36:01 INFO  TC001_AccountRegistrationTest:56 - ***** Finished TC001_AccountRegistrationTest *****
2024-09-01 18:36:04 INFO  TC002_LoginTest:16 - ****** Startign TC_002_LoginTest *****
2024-09-01 18:36:06 INFO  TC002_LoginTest:41 - ****** Finished TC_002_LoginTest *****
2024-09-01 18:39:38 INFO  Utils:112 - [TestNG] Running:
  C:\Users\kindinti.anumanthu\OneDrive - BLACKLINE\Desktop\Personal\OpencartV121\master.xml

2024-09-01 18:39:42 INFO  TC001_AccountRegistrationTest:15 - ***** Starting TC001_AccountRegistrationTest  ****
2024-09-01 18:39:42 INFO  TC001_AccountRegistrationTest:21 - Clicked on MyAccount Link.. 
2024-09-01 18:39:42 INFO  TC001_AccountRegistrationTest:24 - Clicked on Register Link.. 
2024-09-01 18:39:42 INFO  TC001_AccountRegistrationTest:28 - Providing customer details...
2024-09-01 18:39:44 INFO  TC001_AccountRegistrationTest:42 - Validating expected message..
2024-09-01 18:39:44 INFO  TC001_AccountRegistrationTest:47 - Test passed
2024-09-01 18:39:44 INFO  TC001_AccountRegistrationTest:56 - ***** Finished TC001_AccountRegistrationTest *****
2024-09-01 18:39:47 INFO  TC002_LoginTest:16 - ****** Startign TC_002_LoginTest *****
2024-09-01 18:39:49 INFO  TC002_LoginTest:41 - ****** Finished TC_002_LoginTest *****
